<?xml version="1.0" encoding="UTF-8"?>
<!-- Generated by org.testng.reporters.JUnitXMLReporter -->
<testsuite hostname="KARTHIK" ignored="3" name="Test" tests="1" failures="0" timestamp="2020-05-17T18:12:02 IST" time="0.008" errors="0">
  <testcase name="keySearch" time="0.003" classname="org.testng.concepts.IgnoreTest"/>
  <testcase name="mobileSearch" time="0.0" classname="org.testng.concepts.IgnoreTest">
    <ignored/>
  </testcase> <!-- mobileSearch -->
  <testcase name="keySearchIgnore" time="0.0" classname="org.testng.concepts.IgnoreTest">
    <ignored/>
  </testcase> <!-- keySearchIgnore -->
  <testcase name="laptopSearch" time="0.0" classname="org.testng.concepts.IgnoreTest">
    <ignored/>
  </testcase> <!-- laptopSearch -->
</testsuite> <!-- Test -->
